0 info it worked if it ends with ok
1 verbose cli [ '/Users/Steven/.nvm/v0.10.38/bin/node',
1 verbose cli   '/Users/Steven/.nvm/v0.10.38/bin/npm',
1 verbose cli   'install',
1 verbose cli   'gulp-browser-sync',
1 verbose cli   '--save-dev' ]
2 info using npm@1.4.28
3 info using node@v0.10.38
4 warn package.json boiler@1.0.0 No repository field.
5 warn package.json callsite@1.0.0 No repository field.
6 warn package.json has-binary@0.1.6 No repository field.
7 warn package.json has-binary-data@0.1.3 No repository field.
8 warn package.json indexof@0.0.1 No repository field.
9 warn package.json object-component@0.0.3 No repository field.
10 warn package.json parsejson@0.0.1 No repository field.
11 warn package.json parseqs@0.0.2 No repository field.
12 warn package.json parseuri@0.0.2 No repository field.
13 warn package.json string_decoder@0.10.31 string_decoder is also the name of a node core module.
14 warn package.json walk@2.2.1 No repository field.
15 verbose readDependencies using package.json deps
16 verbose cache add [ 'gulp-browser-sync', null ]
17 verbose cache add name=undefined spec="gulp-browser-sync" args=["gulp-browser-sync",null]
18 verbose parsed url { protocol: null,
18 verbose parsed url   slashes: null,
18 verbose parsed url   auth: null,
18 verbose parsed url   host: null,
18 verbose parsed url   port: null,
18 verbose parsed url   hostname: null,
18 verbose parsed url   hash: null,
18 verbose parsed url   search: null,
18 verbose parsed url   query: null,
18 verbose parsed url   pathname: 'gulp-browser-sync',
18 verbose parsed url   path: 'gulp-browser-sync',
18 verbose parsed url   href: 'gulp-browser-sync' }
19 silly lockFile b33bd72e-gulp-browser-sync gulp-browser-sync
20 verbose lock gulp-browser-sync /Users/Steven/.npm/b33bd72e-gulp-browser-sync.lock
21 silly lockFile b33bd72e-gulp-browser-sync gulp-browser-sync
22 silly lockFile b33bd72e-gulp-browser-sync gulp-browser-sync
23 verbose addNamed [ 'gulp-browser-sync', '' ]
24 verbose addNamed [ null, '*' ]
25 silly lockFile 4c305f9a-gulp-browser-sync gulp-browser-sync@
26 verbose lock gulp-browser-sync@ /Users/Steven/.npm/4c305f9a-gulp-browser-sync.lock
27 silly addNameRange { name: 'gulp-browser-sync', range: '*', hasData: false }
28 verbose request where is /gulp-browser-sync
29 verbose request registry https://registry.npmjs.org/
30 verbose request id c7d0d7305a4e558d
31 verbose url raw /gulp-browser-sync
32 verbose url resolving [ 'https://registry.npmjs.org/', './gulp-browser-sync' ]
33 verbose url resolved https://registry.npmjs.org/gulp-browser-sync
34 verbose request where is https://registry.npmjs.org/gulp-browser-sync
35 info trying registry request attempt 1 at 22:50:23
36 http GET https://registry.npmjs.org/gulp-browser-sync
37 http 404 https://registry.npmjs.org/gulp-browser-sync
38 silly registry.get cb [ 404,
38 silly registry.get   { 'content-type': 'application/json',
38 silly registry.get     'cache-control': 'max-age=0',
38 silly registry.get     'content-length': '2',
38 silly registry.get     'accept-ranges': 'bytes',
38 silly registry.get     date: 'Mon, 29 Feb 2016 04:50:24 GMT',
38 silly registry.get     via: '1.1 varnish',
38 silly registry.get     age: '0',
38 silly registry.get     connection: 'keep-alive',
38 silly registry.get     'x-served-by': 'cache-dfw1821-DFW',
38 silly registry.get     'x-cache': 'MISS',
38 silly registry.get     'x-cache-hits': '0',
38 silly registry.get     'x-timer': 'S1456721424.366109,VS0,VE281' } ]
39 silly lockFile 4c305f9a-gulp-browser-sync gulp-browser-sync@
40 silly lockFile 4c305f9a-gulp-browser-sync gulp-browser-sync@
41 error 404 Not Found
41 error 404
41 error 404 'gulp-browser-sync' is not in the npm registry.
41 error 404 You should bug the author to publish it
41 error 404 It was specified as a dependency of 'boiler'
41 error 404
41 error 404 Note that you can also install from a
41 error 404 tarball, folder, or http url, or git url.
42 error System Darwin 15.3.0
43 error command "/Users/Steven/.nvm/v0.10.38/bin/node" "/Users/Steven/.nvm/v0.10.38/bin/npm" "install" "gulp-browser-sync" "--save-dev"
44 error cwd /Users/Steven/Documents/GitHub/express-boiler
45 error node -v v0.10.38
46 error npm -v 1.4.28
47 error code E404
48 verbose exit [ 1, true ]
